D:\PROJECTS\WCPC\WCPC\DEBUG\WCPC.PCH
D:\PROJECTS\WCPC\WCPC\DEBUG\STDAFX.OBJ
D:\PROJECTS\WCPC\WCPC\DEBUG\VC110.PDB
D:\PROJECTS\WCPC\WCPC\DEBUG\F64PUSHLINE.OBJ
D:\PROJECTS\WCPC\WCPC\DEBUG\F64READLINE.OBJ
D:\PROJECTS\WCPC\WCPC\DEBUG\GETOPT.OBJ
D:\PROJECTS\WCPC\WCPC\DEBUG\PROCARGS.OBJ
D:\PROJECTS\WCPC\WCPC\DEBUG\PROCCONVERSION.OBJ
D:\PROJECTS\WCPC\WCPC\DEBUG\WCPC.OBJ
D:\PROJECTS\WCPC\DEBUG\WCPC.ILK
D:\PROJECTS\WCPC\DEBUG\WCPC.EXE
D:\PROJECTS\WCPC\DEBUG\WCPC.PDB
D:\PROJECTS\WCPC\WCPC\DEBUG\WCPC.RES
D:\Projects\wcpc\wcpc\Debug\F64PushLine.obj
D:\Projects\wcpc\wcpc\Debug\F64ReadLine.obj
D:\Projects\wcpc\wcpc\Debug\getopt.obj
D:\Projects\wcpc\wcpc\Debug\ProcArgs.obj
D:\Projects\wcpc\wcpc\Debug\ProcConversion.obj
D:\Projects\wcpc\wcpc\Debug\stdafx.obj
D:\Projects\wcpc\wcpc\Debug\wcpc.obj
D:\Projects\wcpc\wcpc\Debug\cl.command.1.tlog
D:\Projects\wcpc\wcpc\Debug\CL.read.1.tlog
D:\Projects\wcpc\wcpc\Debug\CL.write.1.tlog
D:\Projects\wcpc\wcpc\Debug\link-cvtres.read.1.tlog
D:\Projects\wcpc\wcpc\Debug\link-cvtres.write.1.tlog
D:\Projects\wcpc\wcpc\Debug\link-rc.read.1.tlog
D:\Projects\wcpc\wcpc\Debug\link-rc.write.1.tlog
D:\Projects\wcpc\wcpc\Debug\link.command.1.tlog
D:\Projects\wcpc\wcpc\Debug\link.read.1.tlog
D:\Projects\wcpc\wcpc\Debug\link.write.1.tlog
D:\Projects\wcpc\wcpc\Debug\rc.command.1.tlog
D:\Projects\wcpc\wcpc\Debug\rc.read.1.tlog
D:\Projects\wcpc\wcpc\Debug\rc.write.1.tlog
D:\Projects\wcpc\wcpc\Debug\wcpc.res
D:\Projects\wcpc\wcpc\Debug\wcpc.pch
D:\Projects\wcpc\wcpc\Debug\vc110.idb
D:\Projects\wcpc\wcpc\Debug\vc110.pdb
D:\Projects\wcpc\Debug\wcpc.pdb
D:\Projects\wcpc\Debug\wcpc.exe
D:\Projects\wcpc\Debug\wcpc.ilk
